  [1m[36m (114.8ms)[0m  [1mCREATE TABLE "schema_migrations" ("version" varchar(255) NOT NULL) [0m
  [1m[35m (0.3ms)[0m  select sqlite_version(*)
  [1m[36m (75.5ms)[0m  [1mCREATE UNIQUE INDEX "unique_schema_migrations" ON "schema_migrations" ("version")[0m
  [1m[35mActiveRecord::SchemaMigration Load (0.3ms)[0m  SELECT "schema_migrations".* FROM "schema_migrations"
Migrating to CreateUsers (20141012124629)
  [1m[36m (0.1ms)[0m  [1mbegin transaction[0m
  [1m[35m (0.6ms)[0m  CREATE TABLE "users" ("id" INTEGER PRIMARY KEY AUTOINCREMENT NOT NULL, "name" varchar(255), "email" varchar(255), "created_at" datetime, "updated_at" datetime) 
  [1m[36mSQL (1.1ms)[0m  [1mINSERT INTO "schema_migrations" ("version") VALUES (?)[0m  [["version", "20141012124629"]]
  [1m[35m (163.9ms)[0m  commit transaction
  [1m[36mActiveRecord::SchemaMigration Load (0.1ms)[0m  [1mSELECT "schema_migrations".* FROM "schema_migrations"[0m


Started GET "/" for 127.0.0.1 at 2014-10-12 18:19:17 +0530
  [1m[36mActiveRecord::SchemaMigration Load (0.1ms)[0m  [1mSELECT "schema_migrations".* FROM "schema_migrations"[0m
Processing by Rails::WelcomeController#index as HTML
  Rendered /home/silentdevil/.rbenv/versions/2.1.2/lib/ruby/gems/2.1.0/gems/railties-4.1.5/lib/rails/templates/rails/welcome/index.html.erb (9.8ms)
Completed 200 OK in 95ms (Views: 75.2ms | ActiveRecord: 0.0ms)


Started GET "/users" for 127.0.0.1 at 2014-10-12 18:19:39 +0530
Processing by UsersController#index as HTML
  [1m[35mUser Load (0.2ms)[0m  SELECT "users".* FROM "users"
  Rendered users/index.html.erb within layouts/application (1.6ms)
Completed 200 OK in 1366ms (Views: 1362.5ms | ActiveRecord: 0.2ms)


Started GET "/assets/scaffolds.css?body=1" for 127.0.0.1 at 2014-10-12 18:19:41 +0530


Started GET "/assets/users.css?body=1" for 127.0.0.1 at 2014-10-12 18:19:41 +0530


Started GET "/assets/users.js?body=1" for 127.0.0.1 at 2014-10-12 18:19:41 +0530


Started GET "/assets/jquery.js?body=1" for 127.0.0.1 at 2014-10-12 18:19:41 +0530


Started GET "/assets/application.css?body=1" for 127.0.0.1 at 2014-10-12 18:19:41 +0530


Started GET "/assets/turbolinks.js?body=1" for 127.0.0.1 at 2014-10-12 18:19:41 +0530


Started GET "/assets/application.js?body=1" for 127.0.0.1 at 2014-10-12 18:19:41 +0530


Started GET "/assets/jquery_ujs.js?body=1" for 127.0.0.1 at 2014-10-12 18:19:41 +0530


Started GET "/users/new" for 127.0.0.1 at 2014-10-12 18:19:42 +0530
Processing by UsersController#new as HTML
  Rendered users/_form.html.erb (48.7ms)
  Rendered users/new.html.erb within layouts/application (61.9ms)
Completed 200 OK in 114ms (Views: 109.7ms | ActiveRecord: 1.0ms)


Started POST "/users" for 127.0.0.1 at 2014-10-12 18:19:50 +0530
Processing by UsersController#create as HTML
  Parameters: {"utf8"=>"✓", "authenticity_token"=>"99h1XdvbgKuHfC+WoZpSqy8Qx+xL55YdIh8j0BPaTdg=", "user"=>{"name"=>"Siddharth Kanungo", "email"=>"siddharth.soka@gmail.com"}, "commit"=>"Create User"}
  [1m[36m (0.1ms)[0m  [1mbegin transaction[0m
  [1m[35mSQL (0.7ms)[0m  INSERT INTO "users" ("created_at", "email", "name", "updated_at") VALUES (?, ?, ?, ?)  [["created_at", "2014-10-12 12:49:50.793620"], ["email", "siddharth.soka@gmail.com"], ["name", "Siddharth Kanungo"], ["updated_at", "2014-10-12 12:49:50.793620"]]
  [1m[36m (137.9ms)[0m  [1mcommit transaction[0m
Redirected to http://localhost:3000/users/1
Completed 302 Found in 211ms (ActiveRecord: 138.7ms)


Started GET "/users/1" for 127.0.0.1 at 2014-10-12 18:19:51 +0530
Processing by UsersController#show as HTML
  Parameters: {"id"=>"1"}
  [1m[35mUser Load (0.4ms)[0m  SELECT  "users".* FROM "users"  WHERE "users"."id" = ? LIMIT 1  [["id", 1]]
  Rendered users/show.html.erb within layouts/application (1.7ms)
Completed 200 OK in 62ms (Views: 57.7ms | ActiveRecord: 0.4ms)


Started GET "/assets/jquery.js?body=1" for 127.0.0.1 at 2014-10-12 18:19:51 +0530


Started GET "/assets/turbolinks.js?body=1" for 127.0.0.1 at 2014-10-12 18:19:51 +0530


Started GET "/assets/application.js?body=1" for 127.0.0.1 at 2014-10-12 18:19:51 +0530


Started GET "/assets/application.css?body=1" for 127.0.0.1 at 2014-10-12 18:19:51 +0530


Started GET "/assets/jquery_ujs.js?body=1" for 127.0.0.1 at 2014-10-12 18:19:51 +0530


Started GET "/users" for 127.0.0.1 at 2014-10-12 18:19:53 +0530
Processing by UsersController#index as HTML
  [1m[36mUser Load (0.2ms)[0m  [1mSELECT "users".* FROM "users"[0m
  Rendered users/index.html.erb within layouts/application (2.3ms)
Completed 200 OK in 54ms (Views: 52.7ms | ActiveRecord: 0.2ms)


Started GET "/users/new" for 127.0.0.1 at 2014-10-12 18:19:55 +0530
Processing by UsersController#new as HTML
  Rendered users/_form.html.erb (2.3ms)
  Rendered users/new.html.erb within layouts/application (3.4ms)
Completed 200 OK in 46ms (Views: 45.7ms | ActiveRecord: 0.0ms)


Started POST "/users" for 127.0.0.1 at 2014-10-12 18:20:15 +0530
Processing by UsersController#create as HTML
  Parameters: {"utf8"=>"✓", "authenticity_token"=>"99h1XdvbgKuHfC+WoZpSqy8Qx+xL55YdIh8j0BPaTdg=", "user"=>{"name"=>"Subash Chandra Bose", "email"=>"netaji@gmail.com"}, "commit"=>"Create User"}
  [1m[35m (0.4ms)[0m  begin transaction
  [1m[36mSQL (0.9ms)[0m  [1mINSERT INTO "users" ("created_at", "email", "name", "updated_at") VALUES (?, ?, ?, ?)[0m  [["created_at", "2014-10-12 12:50:15.453466"], ["email", "netaji@gmail.com"], ["name", "Subash Chandra Bose"], ["updated_at", "2014-10-12 12:50:15.453466"]]
  [1m[35m (170.9ms)[0m  commit transaction
Redirected to http://localhost:3000/users/2
Completed 302 Found in 179ms (ActiveRecord: 172.1ms)


Started GET "/users/2" for 127.0.0.1 at 2014-10-12 18:20:15 +0530
Processing by UsersController#show as HTML
  Parameters: {"id"=>"2"}
  [1m[36mUser Load (0.5ms)[0m  [1mSELECT  "users".* FROM "users"  WHERE "users"."id" = ? LIMIT 1[0m  [["id", 2]]
  Rendered users/show.html.erb within layouts/application (0.4ms)
Completed 200 OK in 51ms (Views: 46.4ms | ActiveRecord: 0.5ms)


Started GET "/assets/users.css?body=1" for 127.0.0.1 at 2014-10-12 18:20:15 +0530


Started GET "/assets/jquery_ujs.js?body=1" for 127.0.0.1 at 2014-10-12 18:20:15 +0530


Started GET "/assets/application.css?body=1" for 127.0.0.1 at 2014-10-12 18:20:15 +0530


Started GET "/assets/scaffolds.css?body=1" for 127.0.0.1 at 2014-10-12 18:20:15 +0530


Started GET "/assets/jquery.js?body=1" for 127.0.0.1 at 2014-10-12 18:20:15 +0530


Started GET "/assets/turbolinks.js?body=1" for 127.0.0.1 at 2014-10-12 18:20:15 +0530


Started GET "/assets/users.js?body=1" for 127.0.0.1 at 2014-10-12 18:20:15 +0530


Started GET "/assets/application.js?body=1" for 127.0.0.1 at 2014-10-12 18:20:15 +0530


Started GET "/users" for 127.0.0.1 at 2014-10-12 18:20:17 +0530
Processing by UsersController#index as HTML
  [1m[35mUser Load (0.2ms)[0m  SELECT "users".* FROM "users"
  Rendered users/index.html.erb within layouts/application (1.5ms)
Completed 200 OK in 48ms (Views: 46.7ms | ActiveRecord: 0.2ms)
  [1m[36mActiveRecord::SchemaMigration Load (0.1ms)[0m  [1mSELECT "schema_migrations".* FROM "schema_migrations"[0m
Migrating to CreateMicroposts (20141012125823)
  [1m[35m (0.1ms)[0m  begin transaction
  [1m[36m (0.6ms)[0m  [1mCREATE TABLE "microposts" ("id" INTEGER PRIMARY KEY AUTOINCREMENT NOT NULL, "content" varchar(255), "user_id" integer, "created_at" datetime, "updated_at" datetime) [0m
  [1m[35mSQL (0.4ms)[0m  INSERT INTO "schema_migrations" ("version") VALUES (?)  [["version", "20141012125823"]]
  [1m[36m (112.5ms)[0m  [1mcommit transaction[0m
  [1m[35mActiveRecord::SchemaMigration Load (0.2ms)[0m  SELECT "schema_migrations".* FROM "schema_migrations"
